<?xml version="1.0" encoding="UTF-8"?>
<!-- Generated by org.testng.reporters.JUnitReportReporter -->
<testsuite hostname="rajanpc" name="TestDBFunctionality" tests="1" failures="0" timestamp="20 Jul 2016 07:44:51 GMT" time="0.308" errors="0">
  <testcase name="TestDBSelectResult" time="0.308" classname="TestDBFunctionality"/>
</testsuite> <!-- TestDBFunctionality -->
