<?xml version="1.0" encoding="UTF-8"?>
<!-- Generated by org.testng.reporters.JUnitReportReporter -->
<testsuite skipped="0" hostname="rajanpc" name="testnglearning.TestGroups" tests="3" failures="0" timestamp="04 Jun 2019 10:19:53 GMT" time="0.022" errors="0">
  <testcase name="TestProfiles" time="0.002" classname="testnglearning.TestGroups"/>
  <testcase name="TestFacebookRegistration" time="0.005" classname="testnglearning.TestGroups"/>
  <testcase name="TestFaceBookLogin" time="0.015" classname="testnglearning.TestGroups"/>
</testsuite> <!-- testnglearning.TestGroups -->
