<?xml version="1.0" encoding="UTF-8"?>
<!-- Generated by org.testng.reporters.JUnitReportReporter -->
<testsuite hostname="rajanpc" name="FirstPackage.TestFirstPackageClass" tests="1" failures="0" timestamp="18 Jul 2016 11:25:39 GMT" time="0.002" errors="0">
  <testcase name="demoTestFirstPackageClass" time="0.002" classname="FirstPackage.TestFirstPackageClass"/>
</testsuite> <!-- FirstPackage.TestFirstPackageClass -->
