<?xml version="1.0" encoding="UTF-8"?>
<!-- Generated by org.testng.reporters.JUnitReportReporter -->
<testsuite hostname="rajanpc" name="SecondPackage.TestSecondPackageClass" tests="1" failures="0" timestamp="18 Jul 2016 11:25:39 GMT" time="0.009" errors="0">
  <testcase name="demoTestSecondPackageClass" time="0.009" classname="SecondPackage.TestSecondPackageClass"/>
</testsuite> <!-- SecondPackage.TestSecondPackageClass -->
