<?xml version="1.0" encoding="UTF-8"?>
<!-- Generated by org.testng.reporters.JUnitReportReporter -->
<testsuite skipped="0" hostname="DESKTOP-3SL4LUB" name="testnglearning.Case1" tests="2" failures="0" timestamp="14 Apr 2019 06:21:17 GMT" time="0.023" errors="0">
  <testcase name="doUserReg" time="0.011" classname="testnglearning.Case1"/>
  <testcase name="doLogin" time="0.012" classname="testnglearning.Case1"/>
</testsuite> <!-- testnglearning.Case1 -->
