<?xml version="1.0" encoding="UTF-8"?>
<!-- Generated by org.testng.reporters.JUnitReportReporter -->
<testsuite skipped="0" hostname="rajanpc" name="testngparallel.TestNGDataProvider_Parallel_2" tests="2" failures="0" timestamp="04 Jun 2019 09:44:12 GMT" time="4.067" errors="0">
  <testcase name="Login" time="2.033" classname="testngparallel.TestNGDataProvider_Parallel_2"/>
  <testcase name="Login" time="2.034" classname="testngparallel.TestNGDataProvider_Parallel_2"/>
</testsuite> <!-- testngparallel.TestNGDataProvider_Parallel_2 -->
