<?xml version="1.0" encoding="UTF-8"?>
<!-- Generated by org.testng.reporters.JUnitReportReporter -->
<testsuite skipped="0" hostname="rajanpc" name="testngparallel.TestNGParallel" tests="6" failures="0" timestamp="04 Jun 2019 09:00:09 GMT" time="175.536" errors="0">
  <testcase name="login" time="28.811" classname="testngparallel.TestNGParallel"/>
  <testcase name="login" time="18.336" classname="testngparallel.TestNGParallel"/>
  <testcase name="login" time="18.472" classname="testngparallel.TestNGParallel"/>
  <testcase name="login" time="26.231" classname="testngparallel.TestNGParallel"/>
  <testcase name="login" time="51.881" classname="testngparallel.TestNGParallel"/>
  <testcase name="login" time="31.805" classname="testngparallel.TestNGParallel"/>
</testsuite> <!-- testngparallel.TestNGParallel -->
