<?xml version="1.0" encoding="UTF-8"?>
<!-- Generated by org.testng.reporters.JUnitReportReporter -->
<testsuite skipped="0" hostname="rajanpc" name="testngparallel.TestNGSequence_Parallel_1" tests="4" failures="0" timestamp="04 Jun 2019 09:30:23 GMT" time="152.988" errors="0">
  <testcase name="login" time="33.303" classname="testngparallel.TestNGSequence_Parallel_1"/>
  <testcase name="login" time="34.090" classname="testngparallel.TestNGSequence_Parallel_1"/>
  <testcase name="login" time="58.568" classname="testngparallel.TestNGSequence_Parallel_1"/>
  <testcase name="login" time="27.027" classname="testngparallel.TestNGSequence_Parallel_1"/>
</testsuite> <!-- testngparallel.TestNGSequence_Parallel_1 -->
