<?xml version="1.0" encoding="UTF-8"?>
<!-- Generated by org.testng.reporters.JUnitReportReporter -->
<testsuite skipped="0" hostname="DESKTOP-3SL4LUB" name="testnglearning.Case1" tests="2" failures="0" timestamp="14 Apr 2019 06:22:41 GMT" time="0.008" errors="0">
  <testcase name="doUserReg" time="0.006" classname="testnglearning.Case1"/>
  <testcase name="doLogin" time="0.002" classname="testnglearning.Case1"/>
</testsuite> <!-- testnglearning.Case1 -->
