<?xml version="1.0" encoding="UTF-8"?>
<!-- Generated by org.testng.reporters.JUnitReportReporter -->
<testsuite hostname="rajanpc" name="DemoTestCases.DemoTestCase3" tests="2" failures="0" timestamp="18 Jul 2016 11:02:24 GMT" time="0.005" errors="0">
  <testcase name="testRegistration" time="0.003" classname="DemoTestCases.DemoTestCase3"/>
  <testcase name="testLogin" time="0.002" classname="DemoTestCases.DemoTestCase3"/>
</testsuite> <!-- DemoTestCases.DemoTestCase3 -->
