<?xml version="1.0" encoding="UTF-8"?>
<!-- Generated by org.testng.reporters.JUnitReportReporter -->
<testsuite hostname="rajanpc" name="DemoTestCases.DemoTestCase1" tests="2" failures="0" timestamp="18 Jul 2016 11:02:24 GMT" time="0.012" errors="0">
  <testcase name="testRegistration" time="0.001" classname="DemoTestCases.DemoTestCase1"/>
  <testcase name="testLogin" time="0.011" classname="DemoTestCases.DemoTestCase1"/>
</testsuite> <!-- DemoTestCases.DemoTestCase1 -->
