<?xml version="1.0" encoding="UTF-8"?>
<!-- Generated by org.testng.reporters.JUnitReportReporter -->
<testsuite hostname="rajanpc" name="DemoTestCases.DemoTestCase2" tests="2" failures="0" timestamp="18 Jul 2016 11:02:24 GMT" time="0.003" errors="0">
  <testcase name="testLogin" time="0.001" classname="DemoTestCases.DemoTestCase2"/>
  <testcase name="testRegistration" time="0.002" classname="DemoTestCases.DemoTestCase2"/>
</testsuite> <!-- DemoTestCases.DemoTestCase2 -->
