<?xml version="1.0" encoding="UTF-8"?>
<!-- Generated by org.testng.reporters.JUnitReportReporter -->
<testsuite skipped="0" hostname="DESKTOP-3SL4LUB" name="testnglearning.TestCase1" tests="1" failures="0" timestamp="14 Apr 2019 06:02:58 GMT" time="0.009" errors="0">
  <testcase name="doLogin" time="0.009" classname="testnglearning.TestCase1"/>
</testsuite> <!-- testnglearning.TestCase1 -->
