<?xml version="1.0" encoding="UTF-8"?>
<!-- Generated by org.testng.reporters.JUnitReportReporter -->
<testsuite skipped="0" hostname="DESKTOP-3SL4LUB" name="testnglearning.TestngParameters" tests="2" failures="0" timestamp="14 Apr 2019 05:52:04 GMT" time="4.076" errors="0">
  <testcase name="testBrowser" time="2.038" classname="testnglearning.TestngParameters"/>
  <testcase name="testBrowser" time="2.038" classname="testnglearning.TestngParameters"/>
</testsuite> <!-- testnglearning.TestngParameters -->
