<?xml version="1.0" encoding="UTF-8"?>
<!-- Generated by org.testng.reporters.JUnitReportReporter -->
<testsuite skipped="0" hostname="rajanpc" name="testcases.UploadPhotoTest" tests="1" failures="0" timestamp="11 Jun 2019 18:20:05 GMT" time="12.813" errors="0">
  <testcase name="uploadPhtoto" time="12.813" classname="testcases.UploadPhotoTest"/>
</testsuite> <!-- testcases.UploadPhotoTest -->
