<?xml version="1.0" encoding="UTF-8"?>
<!-- Generated by org.testng.reporters.JUnitReportReporter -->
<testsuite skipped="0" hostname="rajanpc" name="testcases.LoginTest" tests="1" failures="0" timestamp="11 Jun 2019 18:20:05 GMT" time="48.873" errors="0">
  <testcase name="logIn" time="48.873" classname="testcases.LoginTest"/>
</testsuite> <!-- testcases.LoginTest -->
