<?xml version="1.0" encoding="UTF-8"?>
<!-- Generated by org.testng.reporters.JUnitReportReporter -->
<testsuite skipped="0" hostname="rajanpc" name="testcases.OpenAccountTest" tests="1" failures="0" timestamp="07 Jun 2019 07:15:23 GMT" time="0.516" errors="0">
  <testcase name="openAccountTest" time="0.516" classname="testcases.OpenAccountTest"/>
</testsuite> <!-- testcases.OpenAccountTest -->
