<?xml version="1.0" encoding="UTF-8"?>
<!-- Generated by org.testng.reporters.JUnitReportReporter -->
<testsuite skipped="0" hostname="rajanpc" name="testcases.BankManagerLoginTest" tests="1" failures="0" timestamp="07 Jun 2019 07:15:23 GMT" time="0.216" errors="0">
  <testcase name="loginAsBankManager" time="0.216" classname="testcases.BankManagerLoginTest"/>
</testsuite> <!-- testcases.BankManagerLoginTest -->
