<?xml version="1.0" encoding="UTF-8"?>
<!-- Generated by org.testng.reporters.JUnitReportReporter -->
<testsuite skipped="0" hostname="rajanpc" name="testcases.AddCustomerTest" tests="1" failures="0" timestamp="07 Jun 2019 07:15:23 GMT" time="2.674" errors="0">
  <testcase name="addCustomer" time="2.674" classname="testcases.AddCustomerTest"/>
</testsuite> <!-- testcases.AddCustomerTest -->
