<?xml version="1.0" encoding="UTF-8"?>
<!-- Generated by org.testng.reporters.JUnitReportReporter -->
<testsuite skipped="0" hostname="rajanpc" name="TestCases.TestAssertTrue_7" tests="1" failures="0" timestamp="30 May 2019 11:55:08 GMT" time="0.002" errors="0">
  <testcase name="TestFacebookRegistration" time="0.002" classname="TestCases.TestAssertTrue_7"/>
</testsuite> <!-- TestCases.TestAssertTrue_7 -->
