<?xml version="1.0" encoding="UTF-8"?>
<!-- Generated by org.testng.reporters.JUnitReportReporter -->
<testsuite skipped="0" hostname="rajanpc" name="TestCases.TestParameterizationExcel_14" tests="3" failures="0" timestamp="04 Jun 2019 09:51:43 GMT" time="0.005" errors="0">
  <testcase name="login" time="0.001" classname="TestCases.TestParameterizationExcel_14"/>
  <testcase name="login" time="0.002" classname="TestCases.TestParameterizationExcel_14"/>
  <testcase name="login" time="0.002" classname="TestCases.TestParameterizationExcel_14"/>
</testsuite> <!-- TestCases.TestParameterizationExcel_14 -->
