<?xml version="1.0" encoding="UTF-8"?>
<!-- Generated by org.testng.reporters.JUnitReportReporter -->
<testsuite skipped="0" hostname="rajanpc" name="TestCases.TestParameterization_FromTestNGXML_13" tests="1" failures="0" timestamp="03 Jun 2019 10:32:20 GMT" time="0.014" errors="0">
  <testcase name="signup" time="0.014" classname="TestCases.TestParameterization_FromTestNGXML_13"/>
</testsuite> <!-- TestCases.TestParameterization_FromTestNGXML_13 -->
