<?xml version="1.0" encoding="UTF-8"?>
<!-- Generated by org.testng.reporters.JUnitReportReporter -->
<testsuite skipped="0" hostname="rajanpc" name="TestCases.TestForceFullyFail_5" tests="1" failures="0" timestamp="30 May 2019 11:55:08 GMT" time="0.001" errors="0">
  <testcase name="TestFacebookRegistration" time="0.001" classname="TestCases.TestForceFullyFail_5"/>
</testsuite> <!-- TestCases.TestForceFullyFail_5 -->
