<?xml version="1.0" encoding="UTF-8"?>
<!-- Generated by org.testng.reporters.JUnitReportReporter -->
<testsuite skipped="0" hostname="rajanpc" name="TestCases.TestAnno_1" tests="4" failures="0" timestamp="04 Jun 2019 09:51:43 GMT" time="0.011" errors="0">
  <testcase name="TestTitle" time="0.001" classname="TestCases.TestAnno_1"/>
  <testcase name="TestHeade" time="0.001" classname="TestCases.TestAnno_1"/>
  <testcase name="TestFooter" time="0.007" classname="TestCases.TestAnno_1"/>
  <testcase name="TestNumberOfLinks" time="0.002" classname="TestCases.TestAnno_1"/>
</testsuite> <!-- TestCases.TestAnno_1 -->
